<?xml version="1.0" encoding="UTF-8"?>
<!-- Generated by org.testng.reporters.JUnitReportReporter -->
<testsuite hostname="LAPTOP-B5JQ64EC" failures="0" tests="5" name="QPros_Blazedemo.QPros_Blazedemo.Test1" time="92.280" errors="0" timestamp="2023-01-22T13:24:30 EET" skipped="0">
  <testcase classname="QPros_Blazedemo.QPros_Blazedemo.Test1" name="Register" time="9.553"/>
  <system-out/>
  <testcase classname="QPros_Blazedemo.QPros_Blazedemo.Test1" name="Login" time="12.480"/>
  <system-out/>
  <testcase classname="QPros_Blazedemo.QPros_Blazedemo.Test1" name="AddItems" time="13.442"/>
  <system-out/>
  <testcase classname="QPros_Blazedemo.QPros_Blazedemo.Test1" name="RemoveItemsFromCart" time="13.986"/>
  <system-out/>
  <testcase classname="QPros_Blazedemo.QPros_Blazedemo.Test1" name="CompleteCheckOut" time="42.819"/>
  <system-out/>
</testsuite> <!-- QPros_Blazedemo.QPros_Blazedemo.Test1 -->
