<?xml version="1.0" encoding="UTF-8"?>
<!-- Generated by org.testng.reporters.JUnitReportReporter -->
<testsuite hostname="LAPTOP-B5JQ64EC" failures="0" tests="6" name="AparTaskCode.Tests" time="103.915" errors="0" timestamp="2023-01-22T16:40:43 EET" skipped="0">
  <testcase classname="AparTaskCode.Tests" name="Register" time="9.430"/>
  <system-out/>
  <testcase classname="AparTaskCode.Tests" name="Login" time="12.274"/>
  <system-out/>
  <testcase classname="AparTaskCode.Tests" name="Categories" time="15.359"/>
  <system-out/>
  <testcase classname="AparTaskCode.Tests" name="AddItems" time="12.847"/>
  <system-out/>
  <testcase classname="AparTaskCode.Tests" name="RemoveItemsFromCart" time="13.177"/>
  <system-out/>
  <testcase classname="AparTaskCode.Tests" name="CompleteCheckOut" time="40.828"/>
  <system-out/>
</testsuite> <!-- AparTaskCode.Tests -->
